=== train_statehead (frozen backbone) ===
  device:  cuda
  data:    datasets/tennis_ma_128x128_100k.lance
  init:    checkpoints/lepong_tennis_v1.pt
  output:  checkpoints/lepong_tennis_statehead.pt
  epochs:  20
  batch:   128
  lr:      0.001
  limit:   None

Loading data...
  game: tennis  num_actions: 18
  state cols: ['player_x', 'player_y', 'enemy_x', 'enemy_y', 'ball_x', 'ball_y', 'ball_vx', 'ball_vy']
  state mean: [56.524559020996094, 140.6098175048828, 56.240211486816406, 8.465506553649902, 26.295316696166992, 22.623626708984375, -1.1795461177825928, -0.0002333644515601918]
  state std:  [14.400355339050293, 5.97526216506958, 14.6065092086792, 5.631319522857666, 30.86084747314453, 7.094768047332764, 4.024832248687744, 4.212399482727051]
  train windows: 89988, val windows: 9997

Building JEPAPool with state_dim=8...
  total params: 12,937,128

Loading init checkpoint: checkpoints/lepong_tennis_v1.pt
  missing: 2 keys (expected: state_head)
  unexpected: 0 keys

Freezing encoder + predictor + everything except state_head...
  [frozen] model.encoder
  [frozen] model.projector
  [frozen] model.action_encoder
  [frozen] model.predictor
  [frozen] model.pred_projector
  [frozen] model.sigreg

  trainable params: 1,544  (should be ~2K for Linear(192, 10))
  frozen params:    12,935,584  (should be ~13M)

=== ENCODING (frozen backbone, one pass) ===
  train:
    encoding 1/704 (  0.1%)
    encoding 70/704 (  9.9%)
    encoding 140/704 ( 19.9%)
    encoding 210/704 ( 29.8%)
    encoding 280/704 ( 39.8%)
    encoding 350/704 ( 49.7%)
    encoding 420/704 ( 59.7%)
    encoding 490/704 ( 69.6%)
    encoding 560/704 ( 79.5%)
    encoding 630/704 ( 89.5%)
    encoding 700/704 ( 99.4%)
    encoding 704/704 (100.0%)
  val:
    encoding 1/79 (  1.3%)
    encoding 7/79 (  8.9%)
    encoding 14/79 ( 17.7%)
    encoding 21/79 ( 26.6%)
    encoding 28/79 ( 35.4%)
    encoding 35/79 ( 44.3%)
    encoding 42/79 ( 53.2%)
    encoding 49/79 ( 62.0%)
    encoding 56/79 ( 70.9%)
    encoding 63/79 ( 79.7%)
    encoding 70/79 ( 88.6%)
    encoding 77/79 ( 97.5%)
    encoding 79/79 (100.0%)
  train feats: (89988, 3, 192) (207 MB)
  val   feats: (9997, 3, 192) (23 MB)
  pred loss (frozen, constant): train=0.4503 val=0.4485
  encoded in 91s

=== TRAINING (state head only) ===
Epoch   1/20  train: pred=0.4503 (frozen, constant) state=0.5416  val: pred=0.4485 state=0.4591  (1s)
        val corrs: playe=+0.888 playe=+0.903 enemy=+0.879 enemy=+0.907 ball_=+0.752 ball_=+0.514 ball_=+0.282 ball_=+0.340
Epoch   2/20  train: pred=0.4503 (frozen, constant) state=0.4653  val: pred=0.4485 state=0.4466  (2s)
Epoch   3/20  train: pred=0.4503 (frozen, constant) state=0.4551  val: pred=0.4485 state=0.4381  (4s)
Epoch   4/20  train: pred=0.4503 (frozen, constant) state=0.4499  val: pred=0.4485 state=0.4338  (5s)
Epoch   5/20  train: pred=0.4503 (frozen, constant) state=0.4463  val: pred=0.4485 state=0.4302  (6s)
        val corrs: playe=+0.907 playe=+0.908 enemy=+0.897 enemy=+0.914 ball_=+0.797 ball_=+0.536 ball_=+0.344 ball_=+0.373
Epoch   6/20  train: pred=0.4503 (frozen, constant) state=0.4441  val: pred=0.4485 state=0.4295  (7s)
Epoch   7/20  train: pred=0.4503 (frozen, constant) state=0.4421  val: pred=0.4485 state=0.4277  (8s)
Epoch   8/20  train: pred=0.4503 (frozen, constant) state=0.4406  val: pred=0.4485 state=0.4253  (9s)
Epoch   9/20  train: pred=0.4503 (frozen, constant) state=0.4392  val: pred=0.4485 state=0.4247  (10s)
Epoch  10/20  train: pred=0.4503 (frozen, constant) state=0.4381  val: pred=0.4485 state=0.4234  (11s)
        val corrs: playe=+0.912 playe=+0.910 enemy=+0.900 enemy=+0.914 ball_=+0.806 ball_=+0.543 ball_=+0.352 ball_=+0.384
Epoch  11/20  train: pred=0.4503 (frozen, constant) state=0.4370  val: pred=0.4485 state=0.4230  (12s)
Epoch  12/20  train: pred=0.4503 (frozen, constant) state=0.4362  val: pred=0.4485 state=0.4220  (14s)
Epoch  13/20  train: pred=0.4503 (frozen, constant) state=0.4354  val: pred=0.4485 state=0.4219  (15s)
Epoch  14/20  train: pred=0.4503 (frozen, constant) state=0.4349  val: pred=0.4485 state=0.4206  (16s)
Epoch  15/20  train: pred=0.4503 (frozen, constant) state=0.4342  val: pred=0.4485 state=0.4211  (17s)
        val corrs: playe=+0.913 playe=+0.910 enemy=+0.903 enemy=+0.914 ball_=+0.809 ball_=+0.544 ball_=+0.356 ball_=+0.390
Epoch  16/20  train: pred=0.4503 (frozen, constant) state=0.4335  val: pred=0.4485 state=0.4206  (18s)
Epoch  17/20  train: pred=0.4503 (frozen, constant) state=0.4330  val: pred=0.4485 state=0.4206  (19s)
Epoch  18/20  train: pred=0.4503 (frozen, constant) state=0.4325  val: pred=0.4485 state=0.4196  (20s)
Epoch  19/20  train: pred=0.4503 (frozen, constant) state=0.4322  val: pred=0.4485 state=0.4196  (21s)
Epoch  20/20  train: pred=0.4503 (frozen, constant) state=0.4317  val: pred=0.4485 state=0.4180  (21s)
        val corrs: playe=+0.915 playe=+0.911 enemy=+0.904 enemy=+0.915 ball_=+0.812 ball_=+0.544 ball_=+0.360 ball_=+0.395

=== TRAINING DONE in 21s (+91s encoding) ===

Final val correlations (state head reading frozen encoder + predictor):
  player_x  : +0.9153 [GOOD]
  player_y  : +0.9108 [GOOD]
  enemy_x   : +0.9039 [GOOD]
  enemy_y   : +0.9153 [GOOD]
  ball_x    : +0.8119 [OK]
  ball_y    : +0.5444 [OK]
  ball_vx   : +0.3605 [WEAK]
  ball_vy   : +0.3952 [WEAK]

Saved checkpoint: checkpoints/lepong_tennis_statehead.pt
  size: 51.8 MB
  frozen modules: ['encoder', 'projector', 'action_encoder', 'predictor', 'pred_projector', 'sigreg']
